<?xml version="1.0" encoding="UTF-8"?>
<testng-results skipped="0" failed="0" ignored="0" total="2" passed="2">
  <reporter-output>
  </reporter-output>
  <suite name="Regression" duration-ms="21149" started-at="2018-05-17T19:33:04Z" finished-at="2018-05-17T19:33:25Z">
    <groups>
    </groups>
    <test name="Login" duration-ms="21149" started-at="2018-05-17T19:33:04Z" finished-at="2018-05-17T19:33:25Z">
      <class name="PageObjects.RegistrationTests">
        <test-method status="PASS" signature="setup()[pri:0, instance:PageObjects.RegistrationTests@6adede5]" name="setup" is-config="true" duration-ms="14562" started-at="2018-05-17T19:33:04Z" finished-at="2018-05-17T19:33:18Z">
          <reporter-output>
          </reporter-output>
        </test-method> <!-- setup -->
        <test-method status="PASS" signature="registerUser()[pri:0, instance:PageObjects.RegistrationTests@6adede5]" name="registerUser" duration-ms="5562" started-at="2018-05-17T19:33:18Z" finished-at="2018-05-17T19:33:24Z">
          <reporter-output>
          </reporter-output>
        </test-method> <!-- registerUser -->
        <test-method status="PASS" signature="tearDown()[pri:0, instance:PageObjects.RegistrationTests@6adede5]" name="tearDown" is-config="true" duration-ms="1016" started-at="2018-05-17T19:33:24Z" finished-at="2018-05-17T19:33:25Z">
          <reporter-output>
          </reporter-output>
        </test-method> <!-- tearDown -->
      </class> <!-- PageObjects.RegistrationTests -->
      <class name="PageObjects.LandingPageTests">
        <test-method status="PASS" signature="searchTest()[pri:0, instance:PageObjects.LandingPageTests@2d928643]" name="searchTest" duration-ms="0" started-at="2018-05-17T19:33:25Z" finished-at="2018-05-17T19:33:25Z">
          <reporter-output>
          </reporter-output>
        </test-method> <!-- searchTest -->
      </class> <!-- PageObjects.LandingPageTests -->
    </test> <!-- Login -->
  </suite> <!-- Regression -->
</testng-results>
